<?xml version="1.0" encoding="UTF-8"?>
<testng-results ignored="0" total="1" passed="1" failed="0" skipped="0">
  <reporter-output>
  </reporter-output>
  <suite started-at="2023-07-07T13:11:40 UTC" name="Default suite" finished-at="2023-07-07T13:13:08 UTC" duration-ms="88471">
    <groups>
    </groups>
    <test started-at="2023-07-07T13:11:40 UTC" name="Default test" finished-at="2023-07-07T13:13:08 UTC" duration-ms="88471">
      <class name="user_testcase.Usertestcase">
        <test-method signature="launchurl()[pri:0, instance:user_testcase.Usertestcase@73302995]" started-at="2023-07-07T13:11:40 UTC" name="launchurl" finished-at="2023-07-07T13:13:08 UTC" duration-ms="88415" status="PASS">
          <reporter-output>
          </reporter-output>
        </test-method> <!-- launchurl -->
      </class> <!-- user_testcase.Usertestcase -->
    </test> <!-- Default test -->
  </suite> <!-- Default suite -->
</testng-results>
